[2022-04-06 15:56:37] Error text: Controller app\controllers\PageController not found | File: /var/www/html/core/Router.php | Line: 34
======
[2022-04-06 15:57:15] Error text: Page not found | File: /var/www/html/core/Router.php | Line: 37
======
[2022-04-06 15:57:25] Error text: Page not found | File: /var/www/html/core/Router.php | Line: 37
======
[2022-04-06 15:58:25] Error text: Page not found | File: /var/www/html/core/Router.php | Line: 37
======
[2022-04-06 15:58:39] Error text: Page not found | File: /var/www/html/core/Router.php | Line: 38
======
[2022-04-06 15:58:41] Error text: Page not found | File: /var/www/html/core/Router.php | Line: 38
======
[2022-04-06 15:58:51] Error text: Page not found | File: /var/www/html/core/Router.php | Line: 39
======
[2022-04-06 16:05:04] Error text: Method app\controllers\MainController::dddddAction not found | File: /var/www/html/core/Router.php | Line: 33
======
[2022-04-06 16:05:11] Error text: Method app\controllers\MainController::testAction not found | File: /var/www/html/core/Router.php | Line: 33
======
[2022-04-06 16:08:41] Error text: Method app\controllers\MainController::testAction not found | File: /var/www/html/core/Router.php | Line: 33
======
[2022-04-06 16:13:41] Error text: Object of class app\controllers\MainController could not be converted to string | File: /var/www/html/app/controllers/MainController.php | Line: 9
======
[2022-04-06 16:16:10] Error text: Cannot use array as default value for property core\Controller::$layout of type string|false | File: /var/www/html/core/Controller.php | Line: 8
======
[2022-04-06 16:18:53] Error text: syntax error, unexpected token "}" | File: /var/www/html/core/Controller.php | Line: 18
======
[2022-04-06 16:22:40] Error text: Typed property core\Controller::$model must not be accessed before initialization | File: /var/www/html/app/controllers/MainController.php | Line: 10
======
[2022-04-06 16:23:02] Error text: Typed property core\Controller::$model must not be accessed before initialization | File: /var/www/html/app/controllers/MainController.php | Line: 10
======
[2022-04-06 16:23:39] Error text: Typed property core\Controller::$model must not be accessed before initialization | File: /var/www/html/app/controllers/MainController.php | Line: 10
======
[2022-04-06 16:23:40] Error text: Typed property core\Controller::$model must not be accessed before initialization | File: /var/www/html/app/controllers/MainController.php | Line: 10
======
[2022-04-06 16:23:45] Error text: Typed property core\Controller::$model must not be accessed before initialization | File: /var/www/html/app/controllers/MainController.php | Line: 10
======
[2022-04-06 16:24:50] Error text: syntax error, unexpected token "{" | File: /var/www/html/core/Controller.php | Line: 10
======
[2022-04-06 16:24:54] Error text: Cannot use array as default value for property core\Controller::$model of type object | File: /var/www/html/core/Controller.php | Line: 10
======
[2022-04-06 16:25:12] Error text: Cannot use array as default value for property core\Controller::$model of type ?object | File: /var/www/html/core/Controller.php | Line: 10
======
